<?xml version="1.0" encoding="UTF-8"?>
<!-- Generated by org.testng.reporters.JUnitReportReporter -->
<testsuite hostname="iComputer" failures="0" tests="2" name="JavaStreams" time="0.013" errors="0" timestamp="2023-03-01T18:29:35 EST" skipped="0">
  <testcase classname="JavaStreams" name="UniqueNumber" time="0.003"/>
  <system-out/>
  <testcase classname="JavaStreams" name="StreamCollect" time="0.010"/>
  <system-out/>
</testsuite> <!-- JavaStreams -->
