<?xml version="1.0" encoding="UTF-8"?>
<!-- Generated by org.testng.reporters.JUnitReportReporter -->
<testsuite hostname="iComputer" failures="0" tests="1" name="RSATEST" time="6.007" errors="0" timestamp="2023-03-15T12:43:41 EDT" skipped="0">
  <testcase classname="RSATEST" name="HomePageCheck" time="6.007"/>
  <system-out/>
</testsuite> <!-- RSATEST -->
