<?xml version="1.0" encoding="UTF-8"?>
<!-- Generated by org.testng.reporters.JUnitReportReporter -->
<testsuite hostname="iComputer" failures="0" tests="3" name="rahulshettyacademy.tests.StandAloneTest2" time="40.770" errors="0" timestamp="2023-03-10T15:33:30 EST" skipped="0">
  <testcase classname="rahulshettyacademy.tests.StandAloneTest2" name="submitOrder" time="9.823"/>
  <system-out/>
  <testcase classname="rahulshettyacademy.tests.StandAloneTest2" name="submitOrder" time="22.184"/>
  <system-out/>
  <testcase classname="rahulshettyacademy.tests.StandAloneTest2" name="OrderHistoryTest" time="8.763"/>
  <system-out/>
</testsuite> <!-- rahulshettyacademy.tests.StandAloneTest2 -->
