<?xml version="1.0" encoding="UTF-8"?>
<!-- Generated by org.testng.reporters.JUnitXMLReporter -->
<testsuite ignored="0" hostname="iComputer" failures="0" tests="1" name="Test-1" time="21.777" errors="0" timestamp="2023-03-17T18:57:20 EDT">
  <testcase classname="rahulshettyacademy.TestDemo" name="titleCheck" time="21.638"/>
</testsuite> <!-- Test-1 -->
