<?xml version="1.0" encoding="UTF-8"?>
<!-- Generated by org.testng.reporters.JUnitXMLReporter -->
<testsuite ignored="0" hostname="iComputer" failures="0" tests="1" name="Test-2" time="8.788" errors="0" timestamp="2023-03-17T16:32:54 EDT">
  <testcase classname="rahulshettyacademy.TestDemo" name="titleCheck" time="8.665"/>
</testsuite> <!-- Test-2 -->
