<?xml version="1.0" encoding="UTF-8"?>
<!-- Generated by org.testng.reporters.JUnitXMLReporter -->
<testsuite ignored="0" hostname="iComputer" failures="0" tests="1" name="Test-0" time="8.195" errors="0" timestamp="2023-03-17T18:57:06 EDT">
  <testcase classname="rahulshettyacademy.TestDemo" name="titleCheck" time="7.906"/>
</testsuite> <!-- Test-0 -->
