<?xml version="1.0" encoding="UTF-8"?>
<!-- Generated by org.testng.reporters.JUnitXMLReporter -->
<testsuite ignored="0" hostname="iComputer" failures="0" tests="1" name="Test-2" time="5.846" errors="0" timestamp="2023-03-17T18:57:04 EDT">
  <testcase classname="rahulshettyacademy.TestDemo" name="titleCheck" time="5.705"/>
</testsuite> <!-- Test-2 -->
