<?xml version="1.0" encoding="UTF-8"?>
<!-- Generated by org.testng.reporters.JUnitReportReporter -->
<testsuite hostname="iComputer" failures="0" tests="3" name="DataDriven.excelDataProvider.dataProvide" time="0.009" errors="0" timestamp="2023-03-16T16:31:20 EDT" skipped="0">
  <testcase classname="DataDriven.excelDataProvider.dataProvide" name="testCaseData" time="0.001"/>
  <system-out/>
  <testcase classname="DataDriven.excelDataProvider.dataProvide" name="testCaseData" time="0.000"/>
  <system-out/>
  <testcase classname="DataDriven.excelDataProvider.dataProvide" name="testCaseData" time="0.008"/>
  <system-out/>
</testsuite> <!-- DataDriven.excelDataProvider.dataProvide -->
