<?xml version="1.0" encoding="UTF-8"?>
<!-- Generated by org.testng.reporters.JUnitReportReporter -->
<testsuite hostname="iComputer" failures="0" tests="1" name="DataDriven.excelDataProvider.excel" time="0.540" errors="0" timestamp="2023-03-16T16:02:55 EDT" skipped="0">
  <testcase classname="DataDriven.excelDataProvider.excel" name="getExcl" time="0.540"/>
  <system-out/>
</testsuite> <!-- DataDriven.excelDataProvider.excel -->
