<?xml version="1.0" encoding="UTF-8"?>
<!-- Generated by org.testng.reporters.JUnitReportReporter -->
<testsuite hostname="iComputer" failures="0" tests="1" name="rahulshettyacademy.tests.ErrorVlidations" time="9.330" errors="0" timestamp="2023-03-10T19:02:48 EST" skipped="0">
  <testcase classname="rahulshettyacademy.tests.ErrorVlidations" name="LoginErrorValidation" time="9.330"/>
  <system-out/>
</testsuite> <!-- rahulshettyacademy.tests.ErrorVlidations -->
