<?xml version="1.0" encoding="UTF-8"?>
<!-- Generated by org.testng.reporters.JUnitReportReporter -->
<testsuite hostname="iComputer" failures="0" tests="1" name="cucumber.TestNGTestRunner" time="26.540" errors="0" timestamp="2023-03-14T18:45:39 EDT" skipped="0">
  <testcase classname="cucumber.TestNGTestRunner" name="runScenario" time="26.540"/>
  <system-out/>
</testsuite> <!-- cucumber.TestNGTestRunner -->
