<?xml version="1.0" encoding="UTF-8"?>
<!-- Generated by org.testng.reporters.JUnitReportReporter -->
<testsuite hostname="iComputer" failures="0" tests="3" name="rahulshettyacademy.tests.StandAloneTest2" time="45.211" errors="0" timestamp="2023-03-10T18:52:09 EST" skipped="0">
  <testcase classname="rahulshettyacademy.tests.StandAloneTest2" name="OrderHistoryTest" time="9.857"/>
  <system-out/>
  <testcase classname="rahulshettyacademy.tests.StandAloneTest2" name="submitOrder" time="24.767"/>
  <system-out/>
  <testcase classname="rahulshettyacademy.tests.StandAloneTest2" name="submitOrder" time="10.587"/>
  <system-out/>
</testsuite> <!-- rahulshettyacademy.tests.StandAloneTest2 -->
