<?xml version="1.0" encoding="UTF-8"?>
<!-- Generated by org.testng.reporters.JUnitReportReporter -->
<testsuite hostname="iComputer" failures="0" tests="2" name="test.day1" time="0.010" errors="0" timestamp="2023-03-05T18:11:56 EST" skipped="0">
  <testcase classname="test.day1" name="Demo" time="0.008"/>
  <system-out/>
  <testcase classname="test.day1" name="secondTest" time="0.002"/>
  <system-out/>
</testsuite> <!-- test.day1 -->
