<?xml version="1.0" encoding="UTF-8"?>
<!-- Generated by org.testng.reporters.JUnitReportReporter -->
<testsuite hostname="iComputer" failures="0" tests="5" name="test.day2" time="0.018" errors="0" timestamp="2023-03-17T18:56:02 EDT" skipped="0">
  <testcase classname="test.day2" name="Demo1" time="0.001"/>
  <system-out/>
  <testcase classname="test.day2" name="secondTest1" time="0.001"/>
  <system-out/>
  <testcase classname="test.day2" name="secondTest1" time="0.001"/>
  <system-out/>
  <testcase classname="test.day2" name="ThirdTest1" time="0.008"/>
  <system-out/>
  <testcase classname="test.day2" name="secondTest1" time="0.007"/>
  <system-out/>
</testsuite> <!-- test.day2 -->
