<?xml version="1.0" encoding="UTF-8"?>
<!-- Generated by org.testng.reporters.JUnitReportReporter -->
<testsuite hostname="iComputer" failures="0" tests="5" name="test.day2" time="0.012" errors="0" timestamp="2023-03-05T17:39:52 EST" skipped="0">
  <testcase classname="test.day2" name="secondTest1" time="0.000"/>
  <system-out/>
  <testcase classname="test.day2" name="Demo1" time="0.002"/>
  <system-out/>
  <testcase classname="test.day2" name="ThirdTest1" time="0.006"/>
  <system-out/>
  <testcase classname="test.day2" name="secondTest1" time="0.002"/>
  <system-out/>
  <testcase classname="test.day2" name="secondTest1" time="0.002"/>
  <system-out/>
</testsuite> <!-- test.day2 -->
