<?xml version="1.0" encoding="UTF-8"?>
<!-- Generated by org.testng.reporters.JUnitReportReporter -->
<testsuite hostname="iComputer" failures="0" tests="3" name="rahulshettyacademy.TestDemo" time="50.374" errors="0" timestamp="2023-03-17T16:33:18 EDT" skipped="0">
  <testcase classname="rahulshettyacademy.TestDemo" name="titleCheck" time="8.665"/>
  <system-out/>
  <testcase classname="rahulshettyacademy.TestDemo" name="titleCheck" time="33.170"/>
  <system-out/>
  <testcase classname="rahulshettyacademy.TestDemo" name="titleCheck" time="8.539"/>
  <system-out/>
</testsuite> <!-- rahulshettyacademy.TestDemo -->
