<?xml version="1.0" encoding="UTF-8"?>
<!-- Generated by org.testng.reporters.JUnitReportReporter -->
<testsuite hostname="iComputer" failures="0" tests="3" name="rahulshettyacademy.TestDemo" time="35.249" errors="0" timestamp="2023-03-17T18:57:20 EDT" skipped="0">
  <testcase classname="rahulshettyacademy.TestDemo" name="titleCheck" time="7.906"/>
  <system-out/>
  <testcase classname="rahulshettyacademy.TestDemo" name="titleCheck" time="5.705"/>
  <system-out/>
  <testcase classname="rahulshettyacademy.TestDemo" name="titleCheck" time="21.638"/>
  <system-out/>
</testsuite> <!-- rahulshettyacademy.TestDemo -->
